2025.03.28 03:16:15 INFO  Started: Metals version 1.5.2 in folders 'C:\Users\jaisw\Documents\development\Scala' for client Visual Studio Code 1.98.2.
2025.03.28 03:16:16 INFO  no build target found for C:\Users\jaisw\Documents\development\Scala\build.sbt. Using presentation compiler with project's scala-library version: 3.3.5
2025.03.28 03:16:21 WARN  Could not find semantic tokens for: file:///C:/Users/jaisw/Documents/development/Scala/build.sbt
2025.03.28 03:16:21 INFO  no build target found for C:\Users\jaisw\Documents\development\Scala\build.sbt. Using presentation compiler with project's scala-library version: 3.3.5
2025.03.28 03:16:21 WARN  no build target for: C:\Users\jaisw\Documents\development\Scala\build.sbt
2025.03.28 03:16:21 INFO  no build target found for C:\Users\jaisw\Documents\development\Scala\build.sbt. Using presentation compiler with project's scala-library version: 3.3.5
2025.03.28 03:16:21 INFO  no build target found for C:\Users\jaisw\Documents\development\Scala\build.sbt. Using presentation compiler with project's scala-library version: 3.3.5
2025.03.28 03:16:24 INFO  no build target found for C:\Users\jaisw\Documents\development\Scala\build.sbt. Using presentation compiler with project's scala-library version: 3.3.5
2025.03.28 03:16:26 INFO  no build target found for C:\Users\jaisw\Documents\development\Scala\build.sbt. Using presentation compiler with project's scala-library version: 3.3.5
2025.03.28 03:16:26 WARN  Could not find semantic tokens for: file:///C:/Users/jaisw/Documents/development/Scala/build.sbt
2025.03.28 03:16:27 INFO  no build target found for C:\Users\jaisw\Documents\development\Scala\build.sbt. Using presentation compiler with project's scala-library version: 3.3.5
2025.03.28 03:22:51 INFO  no build target found for C:\Users\jaisw\Documents\development\Scala\AuthApi.scala. Using presentation compiler with project's scala-library version: 3.3.5
2025.03.28 03:22:51 WARN  no build target for: C:\Users\jaisw\Documents\development\Scala\AuthApi.scala
2025.03.28 03:22:51 INFO  no build target found for C:\Users\jaisw\Documents\development\Scala\AuthApi.scala. Using presentation compiler with project's scala-library version: 3.3.5
2025.03.28 03:22:51 WARN  Could not find semantic tokens for: file:///C:/Users/jaisw/Documents/development/Scala/AuthApi.scala
2025.03.28 03:22:51 INFO  no build target found for C:\Users\jaisw\Documents\development\Scala\AuthApi.scala. Using presentation compiler with project's scala-library version: 3.3.5
2025.03.28 03:22:51 INFO  no build target found for C:\Users\jaisw\Documents\development\Scala\AuthApi.scala. Using presentation compiler with project's scala-library version: 3.3.5
2025.03.28 03:22:51 WARN  Could not find semantic tokens for: file:///C:/Users/jaisw/Documents/development/Scala/AuthApi.scala
2025.03.28 03:23:29 INFO  no build target found for C:\Users\jaisw\Documents\development\Scala\AuthApi.scala. Using presentation compiler with project's scala-library version: 3.3.5
2025.03.28 03:23:29 INFO  no build target found for C:\Users\jaisw\Documents\development\Scala\AuthApi.scala. Using presentation compiler with project's scala-library version: 3.3.5
2025.03.28 03:23:29 INFO  no build target found for C:\Users\jaisw\Documents\development\Scala\AuthApi.scala. Using presentation compiler with project's scala-library version: 3.3.5
2025.03.28 03:23:32 INFO  time: code lens generation in 3.2s
2025.03.28 03:25:56 INFO  no build target found for C:\Users\jaisw\Documents\development\Scala\AuthApi.scala. Using presentation compiler with project's scala-library version: 3.3.5
2025.03.28 03:25:57 INFO  no build target found for C:\Users\jaisw\Documents\development\Scala\AuthApi.scala. Using presentation compiler with project's scala-library version: 3.3.5
2025.03.28 03:27:16 INFO  no build target found for C:\Users\jaisw\Documents\development\Scala\AuthApi.scala. Using presentation compiler with project's scala-library version: 3.3.5
2025.03.28 03:28:56 INFO  no build target found for C:\Users\jaisw\Documents\development\Scala\AuthApi.scala. Using presentation compiler with project's scala-library version: 3.3.5
2025.03.28 03:28:56 INFO  no build target found for C:\Users\jaisw\Documents\development\Scala\AuthApi.scala. Using presentation compiler with project's scala-library version: 3.3.5
2025.03.28 03:28:56 INFO  no build target found for C:\Users\jaisw\Documents\development\Scala\AuthApi.scala. Using presentation compiler with project's scala-library version: 3.3.5
2025.03.28 03:28:57 INFO  no build target found for C:\Users\jaisw\Documents\development\Scala\AuthApi.scala. Using presentation compiler with project's scala-library version: 3.3.5
2025.03.28 03:28:57 INFO  no build target found for C:\Users\jaisw\Documents\development\Scala\AuthApi.scala. Using presentation compiler with project's scala-library version: 3.3.5
2025.03.28 03:28:57 INFO  no build target found for C:\Users\jaisw\Documents\development\Scala\AuthApi.scala. Using presentation compiler with project's scala-library version: 3.3.5
2025.03.28 03:28:57 INFO  no build target found for C:\Users\jaisw\Documents\development\Scala\AuthApi.scala. Using presentation compiler with project's scala-library version: 3.3.5
2025.03.28 03:28:58 INFO  no build target found for C:\Users\jaisw\Documents\development\Scala\AuthApi.scala. Using presentation compiler with project's scala-library version: 3.3.5
Mar 28, 2025 3:28:58 AM org.eclipse.lsp4j.jsonrpc.RemoteEndpoint handleCancellation
WARNING: Unmatched cancel notification for request id 61
2025.03.28 03:28:59 INFO  no build target found for C:\Users\jaisw\Documents\development\Scala\AuthApi.scala. Using presentation compiler with project's scala-library version: 3.3.5
2025.03.28 03:29:00 INFO  time: code lens generation in 1.45s
2025.03.28 03:35:55 INFO  Shutting down server
2025.03.28 03:35:55 INFO  shutting down Metals
2025.03.28 03:35:55 INFO  Exiting server
